This is pdfTeX, Version 3.14159265-2.6-1.40.20 (TeX Live 2019/Arch Linux) (preloaded format=pdflatex 2019.10.29)  5 NOV 2019 17:03
entering extended mode
 restricted \write18 enabled.
 %&-line parsing enabled.
**inproceedings
(../inproceedings.tex
LaTeX2e <2018-12-01>
(/usr/share/texmf-dist/tex/latex/base/article.cls
Document Class: article 2018/09/03 v1.4i Standard LaTeX document class
(/usr/share/texmf-dist/tex/latex/base/size10.clo
File: size10.clo 2018/09/03 v1.4i Standard LaTeX file (size option)
)
\c@part=\count80
\c@section=\count81
\c@subsection=\count82
\c@subsubsection=\count83
\c@paragraph=\count84
\c@subparagraph=\count85
\c@figure=\count86
\c@table=\count87
\abovecaptionskip=\skip41
\belowcaptionskip=\skip42
\bibindent=\dimen102
)
(/usr/share/texmf-dist/tex/latex/hyperref/hyperref.sty
Package: hyperref 2018/11/30 v6.88e Hypertext links for LaTeX

(/usr/share/texmf-dist/tex/generic/oberdiek/hobsub-hyperref.sty
Package: hobsub-hyperref 2016/05/16 v1.14 Bundle oberdiek, subset hyperref (HO)


(/usr/share/texmf-dist/tex/generic/oberdiek/hobsub-generic.sty
Package: hobsub-generic 2016/05/16 v1.14 Bundle oberdiek, subset generic (HO)
Package: hobsub 2016/05/16 v1.14 Construct package bundles (HO)
Package: infwarerr 2016/05/16 v1.4 Providing info/warning/error messages (HO)
Package: ltxcmds 2016/05/16 v1.23 LaTeX kernel commands for general use (HO)
Package: ifluatex 2016/05/16 v1.4 Provides the ifluatex switch (HO)
Package ifluatex Info: LuaTeX not detected.
Package: ifvtex 2016/05/16 v1.6 Detect VTeX and its facilities (HO)
Package ifvtex Info: VTeX not detected.
Package: intcalc 2016/05/16 v1.2 Expandable calculations with integers (HO)
Package: ifpdf 2018/09/07 v3.3 Provides the ifpdf switch
Package: etexcmds 2016/05/16 v1.6 Avoid name clashes with e-TeX commands (HO)
Package: kvsetkeys 2016/05/16 v1.17 Key value parser (HO)
Package: kvdefinekeys 2016/05/16 v1.4 Define keys (HO)
Package: pdftexcmds 2018/09/10 v0.29 Utility functions of pdfTeX for LuaTeX (HO
)
Package pdftexcmds Info: LuaTeX not detected.
Package pdftexcmds Info: \pdf@primitive is available.
Package pdftexcmds Info: \pdf@ifprimitive is available.
Package pdftexcmds Info: \pdfdraftmode found.
Package: pdfescape 2016/05/16 v1.14 Implements pdfTeX's escape features (HO)
Package: bigintcalc 2016/05/16 v1.4 Expandable calculations on big integers (HO
)
Package: bitset 2016/05/16 v1.2 Handle bit-vector datatype (HO)
Package: uniquecounter 2016/05/16 v1.3 Provide unlimited unique counter (HO)
)
Package hobsub Info: Skipping package `hobsub' (already loaded).
Package: letltxmacro 2016/05/16 v1.5 Let assignment for LaTeX macros (HO)
Package: hopatch 2016/05/16 v1.3 Wrapper for package hooks (HO)
Package: xcolor-patch 2016/05/16 xcolor patch
Package: atveryend 2016/05/16 v1.9 Hooks at the very end of document (HO)
Package atveryend Info: \enddocument detected (standard20110627).
Package: atbegshi 2016/06/09 v1.18 At begin shipout hook (HO)
Package: refcount 2016/05/16 v3.5 Data extraction from label references (HO)
Package: hycolor 2016/05/16 v1.8 Color options for hyperref/bookmark (HO)
)
(/usr/share/texmf-dist/tex/latex/graphics/keyval.sty
Package: keyval 2014/10/28 v1.15 key=value parser (DPC)
\KV@toks@=\toks14
)
(/usr/share/texmf-dist/tex/generic/ifxetex/ifxetex.sty
Package: ifxetex 2010/09/12 v0.6 Provides ifxetex conditional
)
(/usr/share/texmf-dist/tex/latex/oberdiek/auxhook.sty
Package: auxhook 2016/05/16 v1.4 Hooks for auxiliary files (HO)
)
(/usr/share/texmf-dist/tex/latex/oberdiek/kvoptions.sty
Package: kvoptions 2016/05/16 v3.12 Key value format for package options (HO)
)
\@linkdim=\dimen103
\Hy@linkcounter=\count88
\Hy@pagecounter=\count89

(/usr/share/texmf-dist/tex/latex/hyperref/pd1enc.def
File: pd1enc.def 2018/11/30 v6.88e Hyperref: PDFDocEncoding definition (HO)
Now handling font encoding PD1 ...
... no UTF-8 mapping file for font encoding PD1
)
\Hy@SavedSpaceFactor=\count90

(/usr/share/texmf-dist/tex/latex/latexconfig/hyperref.cfg
File: hyperref.cfg 2002/06/06 v1.2 hyperref configuration of TeXLive
)
Package hyperref Info: Hyper figures OFF on input line 4519.
Package hyperref Info: Link nesting OFF on input line 4524.
Package hyperref Info: Hyper index ON on input line 4527.
Package hyperref Info: Plain pages OFF on input line 4534.
Package hyperref Info: Backreferencing OFF on input line 4539.
Package hyperref Info: Implicit mode ON; LaTeX internals redefined.
Package hyperref Info: Bookmarks ON on input line 4772.
\c@Hy@tempcnt=\count91

(/usr/share/texmf-dist/tex/latex/url/url.sty
\Urlmuskip=\muskip10
Package: url 2013/09/16  ver 3.4  Verb mode for urls, etc.
)
LaTeX Info: Redefining \url on input line 5125.
\XeTeXLinkMargin=\dimen104
\Fld@menulength=\count92
\Field@Width=\dimen105
\Fld@charsize=\dimen106
Package hyperref Info: Hyper figures OFF on input line 6380.
Package hyperref Info: Link nesting OFF on input line 6385.
Package hyperref Info: Hyper index ON on input line 6388.
Package hyperref Info: backreferencing OFF on input line 6395.
Package hyperref Info: Link coloring OFF on input line 6400.
Package hyperref Info: Link coloring with OCG OFF on input line 6405.
Package hyperref Info: PDF/A mode OFF on input line 6410.
LaTeX Info: Redefining \ref on input line 6450.
LaTeX Info: Redefining \pageref on input line 6454.
\Hy@abspage=\count93
\c@Item=\count94
\c@Hfootnote=\count95
)
Package hyperref Info: Driver (autodetected): hpdftex.

(/usr/share/texmf-dist/tex/latex/hyperref/hpdftex.def
File: hpdftex.def 2018/11/30 v6.88e Hyperref driver for pdfTeX
\Fld@listcount=\count96
\c@bookmark@seq@number=\count97

(/usr/share/texmf-dist/tex/latex/oberdiek/rerunfilecheck.sty
Package: rerunfilecheck 2016/05/16 v1.8 Rerun checks for auxiliary files (HO)
Package uniquecounter Info: New unique counter `rerunfilecheck' on input line 2
82.
)
\Hy@SectionHShift=\skip43
)
(/usr/share/texmf-dist/tex/latex/base/inputenc.sty
Package: inputenc 2018/08/11 v1.3c Input encoding file
\inpenc@prehook=\toks15
\inpenc@posthook=\toks16
)
(/usr/share/texmf-dist/tex/latex/base/fontenc.sty
Package: fontenc 2018/08/11 v2.0j Standard LaTeX package

(/usr/share/texmf-dist/tex/latex/base/t1enc.def
File: t1enc.def 2018/08/11 v2.0j Standard LaTeX file
LaTeX Font Info:    Redeclaring font encoding T1 on input line 48.
)) (./inproceedings.aux)
\openout1 = `inproceedings.aux'.

LaTeX Font Info:    Checking defaults for OML/cmm/m/it on input line 8.
LaTeX Font Info:    ... okay on input line 8.
LaTeX Font Info:    Checking defaults for T1/cmr/m/n on input line 8.
LaTeX Font Info:    ... okay on input line 8.
LaTeX Font Info:    Checking defaults for OT1/cmr/m/n on input line 8.
LaTeX Font Info:    ... okay on input line 8.
LaTeX Font Info:    Checking defaults for OMS/cmsy/m/n on input line 8.
LaTeX Font Info:    ... okay on input line 8.
LaTeX Font Info:    Checking defaults for OMX/cmex/m/n on input line 8.
LaTeX Font Info:    ... okay on input line 8.
LaTeX Font Info:    Checking defaults for U/cmr/m/n on input line 8.
LaTeX Font Info:    ... okay on input line 8.
LaTeX Font Info:    Checking defaults for PD1/pdf/m/n on input line 8.
LaTeX Font Info:    ... okay on input line 8.
\AtBeginShipoutBox=\box27
Package hyperref Info: Link coloring OFF on input line 8.

(/usr/share/texmf-dist/tex/latex/hyperref/nameref.sty
Package: nameref 2016/05/21 v2.44 Cross-referencing by name of section

(/usr/share/texmf-dist/tex/generic/oberdiek/gettitlestring.sty
Package: gettitlestring 2016/05/16 v1.5 Cleanup title references (HO)
)
\c@section@level=\count98
)
LaTeX Info: Redefining \ref on input line 8.
LaTeX Info: Redefining \pageref on input line 8.
LaTeX Info: Redefining \nameref on input line 8.

(./inproceedings.out) (./inproceedings.out)
\@outlinefile=\write3
\openout3 = `inproceedings.out'.



LaTeX Warning: Citation `maturana2018rate' on page 1 undefined on input line 10
.


LaTeX Warning: Citation `medina2017mitigating' on page 1 undefined on input lin
e 11.


LaTeX Warning: Citation `santamaria2017ontology' on page 1 undefined on input l
ine 12.


LaTeX Warning: Citation `ortega2017educational' on page 1 undefined on input li
ne 13.


LaTeX Warning: Citation `ortega2016procesadores' on page 1 undefined on input l
ine 14.


LaTeX Warning: Citation `medina2016pollution' on page 1 undefined on input line
 15.


LaTeX Warning: Citation `cmljce15' on page 1 undefined on input line 16.


LaTeX Warning: Citation `MEDINA15a' on page 1 undefined on input line 17.


LaTeX Warning: Citation `P2PSP-jornadas-PD-2014' on page 1 undefined on input l
ine 18.


LaTeX Warning: Citation `CASADO14-cisco2' on page 1 undefined on input line 19.



LaTeX Warning: Citation `MEDINA14' on page 1 undefined on input line 20.


LaTeX Warning: Citation `MEDINA13' on page 1 undefined on input line 21.


LaTeX Warning: Citation `HERNANDEZ13a' on page 1 undefined on input line 23.


LaTeX Warning: Citation `MATURANA13a' on page 1 undefined on input line 24.


LaTeX Warning: Citation `HERNANDEZ12' on page 1 undefined on input line 25.


LaTeX Warning: Citation `MATURANA12' on page 1 undefined on input line 26.


LaTeX Warning: Citation `ORTIZ11' on page 1 undefined on input line 27.


LaTeX Warning: Citation `HERNANDEZ11' on page 1 undefined on input line 28.


LaTeX Warning: Citation `ORTIZ10c' on page 1 undefined on input line 29.


LaTeX Warning: Citation `ORTIZ10b' on page 1 undefined on input line 30.


LaTeX Warning: Citation `ORTIZ10a' on page 1 undefined on input line 31.


LaTeX Warning: Citation `MARTIN09' on page 1 undefined on input line 32.


LaTeX Warning: Citation `ORTIZ07c' on page 1 undefined on input line 33.


LaTeX Warning: Citation `LOPE07a' on page 1 undefined on input line 34.


LaTeX Warning: Citation `ORTIZ07b' on page 1 undefined on input line 35.


LaTeX Warning: Citation `ORTIZ07a' on page 1 undefined on input line 36.


LaTeX Warning: Citation `LOPE05' on page 1 undefined on input line 37.


LaTeX Warning: Citation `LOPE05b' on page 1 undefined on input line 38.


LaTeX Warning: Citation `DANA05' on page 1 undefined on input line 39.


LaTeX Warning: Citation `ORTIZ04b' on page 1 undefined on input line 40.


LaTeX Warning: Citation `ORTIZ04c' on page 1 undefined on input line 41.


LaTeX Warning: Citation `ORTIZ04d' on page 1 undefined on input line 42.


LaTeX Warning: Citation `ORTIZ04e' on page 1 undefined on input line 43.


LaTeX Warning: Citation `LOPE04' on page 1 undefined on input line 44.


LaTeX Warning: Citation `RODR04' on page 1 undefined on input line 45.


LaTeX Warning: Citation `RUIZ04a' on page 1 undefined on input line 46.


LaTeX Warning: Citation `RUIZ03a' on page 1 undefined on input line 47.


LaTeX Warning: Citation `RUIZ03b' on page 1 undefined on input line 48.


LaTeX Warning: Citation `RUIZ03c' on page 1 undefined on input line 49.


LaTeX Warning: Citation `RUIZ03d' on page 1 undefined on input line 50.


LaTeX Warning: Citation `ALVA03a' on page 1 undefined on input line 51.


LaTeX Warning: Citation `LOPE02' on page 1 undefined on input line 52.


LaTeX Warning: Citation `PERE02' on page 1 undefined on input line 53.


LaTeX Warning: Citation `LOPE01' on page 1 undefined on input line 54.


LaTeX Warning: Citation `RUIZ01a' on page 1 undefined on input line 55.


LaTeX Warning: Citation `RUIZ01b' on page 1 undefined on input line 56.


LaTeX Warning: Citation `GIGU00' on page 1 undefined on input line 57.


LaTeX Warning: Citation `RUIZ00b' on page 1 undefined on input line 58.


LaTeX Warning: Citation `RUIZ99a' on page 1 undefined on input line 59.


LaTeX Warning: Citation `MART99' on page 1 undefined on input line 60.


LaTeX Warning: Citation `MART98' on page 1 undefined on input line 61.


LaTeX Warning: Citation `MART97' on page 1 undefined on input line 62.


LaTeX Warning: Citation `RUIZ97' on page 1 undefined on input line 63.


LaTeX Warning: Citation `RUIZ96b' on page 1 undefined on input line 64.


LaTeX Warning: Citation `RUIZ96a' on page 1 undefined on input line 65.


LaTeX Warning: Citation `RUIZ95' on page 1 undefined on input line 66.


LaTeX Warning: Citation `RUIZ94' on page 1 undefined on input line 67.


LaTeX Warning: Citation `RUIZ94a' on page 1 undefined on input line 68.

(./inproceedings.bbl
Underfull \hbox (badness 2318) in paragraph at lines 4--10
[]\T1/cmr/m/n/10 J.C. Maturana-Espinosa, V. González-Ruiz, J.P. García-Ortiz, a
nd
 []


Package hyperref Warning: Suppressing link with empty target on input line 22.


Package hyperref Warning: Suppressing link with empty target on input line 31.

LaTeX Font Info:    External font `cmex10' loaded for size
(Font)              <7> on input line 64.
LaTeX Font Info:    External font `cmex10' loaded for size
(Font)              <5> on input line 64.
[1

{/var/lib/texmf/fonts/map/pdftex/updmap/pdftex.map}]

Package hyperref Warning: Suppressing link with empty target on input line 81.


Underfull \hbox (badness 1248) in paragraph at lines 85--93
[]\T1/cmr/m/n/10 Cristóbal Medina-López, Juan Pablo Gar-cía Or-tiz, J.A.M Maran
jo,
 []


Underfull \hbox (badness 1509) in paragraph at lines 85--93
\T1/cmr/m/n/10 L.G. Casado, and Vi-cente González-Ruiz. []IPTV us-ing P2PSP and

 []


Underfull \hbox (badness 2478) in paragraph at lines 111--120
[]\T1/cmr/m/n/10 Carmelo Maturana-Espinosa, Joaquín García-Sobrino, J.J. Sánche
z-
 []

[2] [3] [4] [5] [6])
Package atveryend Info: Empty hook `BeforeClearDocument' on input line 72.
 [7]
Package atveryend Info: Empty hook `AfterLastShipout' on input line 72.
 (./inproceedings.aux)
Package atveryend Info: Executing hook `AtVeryEndDocument' on input line 72.
Package atveryend Info: Executing hook `AtEndAfterFileList' on input line 72.
Package rerunfilecheck Info: File `inproceedings.out' has not changed.
(rerunfilecheck)             Checksum: D41D8CD98F00B204E9800998ECF8427E;0.


LaTeX Warning: There were undefined references.


LaTeX Warning: Label(s) may have changed. Rerun to get cross-references right.

Package atveryend Info: Empty hook `AtVeryVeryEnd' on input line 72.
 ) 
Here is how much of TeX's memory you used:
 4533 strings out of 492623
 66214 string characters out of 6135668
 157038 words of memory out of 5000000
 8396 multiletter control sequences out of 15000+600000
 7408 words of font info for 19 fonts, out of 8000000 for 9000
 1141 hyphenation exceptions out of 8191
 28i,4n,28p,269b,424s stack positions out of 5000i,500n,10000p,200000b,80000s
{/usr/share/texmf-dist/fonts/enc/dvips/cm-super/cm-super-t1.enc}</usr/share/t
exmf-dist/fonts/type1/public/amsfonts/cm/cmmi7.pfb></usr/share/texmf-dist/fonts
/type1/public/cm-super/sfbx1000.pfb></usr/share/texmf-dist/fonts/type1/public/c
m-super/sfbx1440.pfb></usr/share/texmf-dist/fonts/type1/public/cm-super/sfrm100
0.pfb></usr/share/texmf-dist/fonts/type1/public/cm-super/sfti1000.pfb>
Output written on inproceedings.pdf (7 pages, 114585 bytes).
PDF statistics:
 319 PDF objects out of 1000 (max. 8388607)
 301 compressed objects within 4 object streams
 67 named destinations out of 1000 (max. 500000)
 1 words of extra memory for PDF output out of 10000 (max. 10000000)

