\BOOKMARK [1][-]{section.1}{Datos Personales}{}% 1
\BOOKMARK [1][-]{section.2}{Formaci\363n Acad\351mica}{}% 2
\BOOKMARK [1][-]{section.3}{Situaci\363n Profesional}{}% 3
\BOOKMARK [1][-]{section.4}{Actividades Car\341cter Cient\355fico o Profesional}{}% 4
\BOOKMARK [1][-]{section.5}{Idiomas de Inter\351s Cient\355fico}{}% 5
\BOOKMARK [1][-]{section*.2}{Participaci\363n en Proyectos de Investigaci\363n Financiados}{}% 6
\BOOKMARK [1][-]{section*.3}{Art\355culos Publicados en Revistas}{}% 7
\BOOKMARK [1][-]{section*.4}{Libros Publicados}{}% 8
\BOOKMARK [1][-]{section*.5}{Cap\355tulos de Libros Publicados}{}% 9
\BOOKMARK [1][-]{section*.6}{Art\355culos Publicados en Congresos}{}% 10
\BOOKMARK [1][-]{section*.7}{Participaci\363n en Contratos de Investigaci\363n con Empresas y/o Administraciones}{}% 11
\BOOKMARK [1][-]{Item.1}{Estancias en Centros Extranjeros}{}% 12
\BOOKMARK [1][-]{section*.9}{Tesis Doctorales Dirigidas}{}% 13
\BOOKMARK [1][-]{section*.10}{Experiencia Docente Universitaria}{}% 14
\BOOKMARK [1][-]{section*.11}{Proyectos Fin de Carrera Dirigidos}{}% 15
\BOOKMARK [1][-]{section*.12}{Cursos Impartidos}{}% 16
\BOOKMARK [1][-]{section*.13}{Organizaciones}{}% 17
\BOOKMARK [1][-]{section*.14}{Contratos}{}% 18
\BOOKMARK [1][-]{section*.15}{Convenios con Otras Organizaciones}{}% 19
\BOOKMARK [1][-]{section*.16}{Creaci\363n de Empresas}{}% 20
\BOOKMARK [1][-]{section*.17}{Proyectos de Transferencia}{}% 21
\BOOKMARK [1][-]{section*.18}{Participaci\363n en Workshops}{}% 22
\BOOKMARK [1][-]{section.23}{Participaci\363n en tareas de evaluaci\363n}{}% 23
\BOOKMARK [1][-]{section.24}{Revisor de revistas}{}% 24
