This is pdfTeX, Version 3.14159265-2.6-1.40.20 (TeX Live 2019/Arch Linux) (preloaded format=latex 2019.12.17)  17 JAN 2020 22:15
entering extended mode
 restricted \write18 enabled.
 %&-line parsing enabled.
**inproceedings
(../inproceedings.tex
LaTeX2e <2019-10-01> patch level 1
(/usr/share/texmf-dist/tex/latex/base/article.cls
Document Class: article 2019/08/27 v1.4j Standard LaTeX document class
(/usr/share/texmf-dist/tex/latex/base/size10.clo
File: size10.clo 2019/08/27 v1.4j Standard LaTeX file (size option)
)
\c@part=\count80
\c@section=\count81
\c@subsection=\count82
\c@subsubsection=\count83
\c@paragraph=\count84
\c@subparagraph=\count85
\c@figure=\count86
\c@table=\count87
\abovecaptionskip=\skip41
\belowcaptionskip=\skip42
\bibindent=\dimen102
)
(/usr/share/texmf-dist/tex/latex/hyperref/hyperref.sty
Package: hyperref 2019/09/28 v7.00a Hypertext links for LaTeX

(/usr/share/texmf-dist/tex/generic/oberdiek/hobsub-hyperref.sty
Package: hobsub-hyperref 2016/05/16 v1.14 Bundle oberdiek, subset hyperref (HO)


(/usr/share/texmf-dist/tex/generic/oberdiek/hobsub-generic.sty
Package: hobsub-generic 2016/05/16 v1.14 Bundle oberdiek, subset generic (HO)
Package: hobsub 2016/05/16 v1.14 Construct package bundles (HO)
Package: infwarerr 2016/05/16 v1.4 Providing info/warning/error messages (HO)
Package: ltxcmds 2016/05/16 v1.23 LaTeX kernel commands for general use (HO)
Package: ifluatex 2016/05/16 v1.4 Provides the ifluatex switch (HO)
Package ifluatex Info: LuaTeX not detected.
Package: ifvtex 2016/05/16 v1.6 Detect VTeX and its facilities (HO)
Package ifvtex Info: VTeX not detected.
Package: intcalc 2016/05/16 v1.2 Expandable calculations with integers (HO)
Package: ifpdf 2018/09/07 v3.3 Provides the ifpdf switch
Package: etexcmds 2016/05/16 v1.6 Avoid name clashes with e-TeX commands (HO)
Package: kvsetkeys 2016/05/16 v1.17 Key value parser (HO)
Package: kvdefinekeys 2016/05/16 v1.4 Define keys (HO)
Package: pdftexcmds 2019/07/25 v0.30 Utility functions of pdfTeX for LuaTeX (HO
)
Package pdftexcmds Info: LuaTeX not detected.
Package pdftexcmds Info: \pdf@primitive is available.
Package pdftexcmds Info: \pdf@ifprimitive is available.
Package pdftexcmds Info: \pdfdraftmode is ignored in DVI mode.
Package: pdfescape 2016/05/16 v1.14 Implements pdfTeX's escape features (HO)
Package: bigintcalc 2016/05/16 v1.4 Expandable calculations on big integers (HO
)
Package: bitset 2016/05/16 v1.2 Handle bit-vector datatype (HO)
Package: uniquecounter 2016/05/16 v1.3 Provide unlimited unique counter (HO)
)
Package hobsub Info: Skipping package `hobsub' (already loaded).
Package: letltxmacro 2016/05/16 v1.5 Let assignment for LaTeX macros (HO)
Package: hopatch 2016/05/16 v1.3 Wrapper for package hooks (HO)
Package: xcolor-patch 2016/05/16 xcolor patch
Package: atveryend 2016/05/16 v1.9 Hooks at the very end of document (HO)
Package atveryend Info: \enddocument detected (standard20110627).
Package: atbegshi 2016/06/09 v1.18 At begin shipout hook (HO)
Package: refcount 2016/05/16 v3.5 Data extraction from label references (HO)
Package: hycolor 2016/05/16 v1.8 Color options for hyperref/bookmark (HO)
)
(/usr/share/texmf-dist/tex/latex/graphics/keyval.sty
Package: keyval 2014/10/28 v1.15 key=value parser (DPC)
\KV@toks@=\toks14
)
(/usr/share/texmf-dist/tex/generic/ifxetex/ifxetex.sty
Package: ifxetex 2010/09/12 v0.6 Provides ifxetex conditional
)
(/usr/share/texmf-dist/tex/latex/oberdiek/auxhook.sty
Package: auxhook 2016/05/16 v1.4 Hooks for auxiliary files (HO)
)
(/usr/share/texmf-dist/tex/latex/oberdiek/kvoptions.sty
Package: kvoptions 2016/05/16 v3.12 Key value format for package options (HO)
)
\@linkdim=\dimen103
\Hy@linkcounter=\count88
\Hy@pagecounter=\count89

(/usr/share/texmf-dist/tex/latex/hyperref/pd1enc.def
File: pd1enc.def 2019/09/28 v7.00a Hyperref: PDFDocEncoding definition (HO)
Now handling font encoding PD1 ...
... no UTF-8 mapping file for font encoding PD1
)
\Hy@SavedSpaceFactor=\count90

(/usr/share/texmf-dist/tex/latex/latexconfig/hyperref.cfg
File: hyperref.cfg 2002/06/06 v1.2 hyperref configuration of TeXLive
)
Package hyperref Info: Hyper figures OFF on input line 4540.
Package hyperref Info: Link nesting OFF on input line 4545.
Package hyperref Info: Hyper index ON on input line 4548.
Package hyperref Info: Plain pages OFF on input line 4555.
Package hyperref Info: Backreferencing OFF on input line 4560.
Package hyperref Info: Implicit mode ON; LaTeX internals redefined.
Package hyperref Info: Bookmarks ON on input line 4793.
\c@Hy@tempcnt=\count91

(/usr/share/texmf-dist/tex/latex/url/url.sty
\Urlmuskip=\muskip10
Package: url 2013/09/16  ver 3.4  Verb mode for urls, etc.
)
LaTeX Info: Redefining \url on input line 5152.
\XeTeXLinkMargin=\dimen104
\Fld@menulength=\count92
\Field@Width=\dimen105
\Fld@charsize=\dimen106
Package hyperref Info: Hyper figures OFF on input line 6423.
Package hyperref Info: Link nesting OFF on input line 6428.
Package hyperref Info: Hyper index ON on input line 6431.
Package hyperref Info: backreferencing OFF on input line 6438.
Package hyperref Info: Link coloring OFF on input line 6443.
Package hyperref Info: Link coloring with OCG OFF on input line 6448.
Package hyperref Info: PDF/A mode OFF on input line 6453.
LaTeX Info: Redefining \ref on input line 6493.
LaTeX Info: Redefining \pageref on input line 6497.
\Hy@abspage=\count93
\c@Item=\count94
\c@Hfootnote=\count95
)
Package hyperref Info: Driver (default): hdvips.

(/usr/share/texmf-dist/tex/latex/hyperref/hdvips.def
File: hdvips.def 2019/09/28 v7.00a Hyperref driver for dvips

(/usr/share/texmf-dist/tex/latex/hyperref/pdfmark.def
File: pdfmark.def 2019/09/28 v7.00a Hyperref definitions for pdfmark specials
\pdf@docset=\toks15
\pdf@box=\box27
\pdf@toks=\toks16
\pdf@defaulttoks=\toks17
\HyField@AnnotCount=\count96
\Fld@listcount=\count97
\c@bookmark@seq@number=\count98

(/usr/share/texmf-dist/tex/latex/oberdiek/rerunfilecheck.sty
Package: rerunfilecheck 2016/05/16 v1.8 Rerun checks for auxiliary files (HO)
Package uniquecounter Info: New unique counter `rerunfilecheck' on input line 2
82.
)
\Hy@SectionHShift=\skip43
))
(/usr/share/texmf-dist/tex/latex/base/inputenc.sty
Package: inputenc 2018/08/11 v1.3c Input encoding file
\inpenc@prehook=\toks18
\inpenc@posthook=\toks19
)
(/usr/share/texmf-dist/tex/latex/base/fontenc.sty
Package: fontenc 2018/08/11 v2.0j Standard LaTeX package

(/usr/share/texmf-dist/tex/latex/base/t1enc.def
File: t1enc.def 2018/08/11 v2.0j Standard LaTeX file
LaTeX Font Info:    Redeclaring font encoding T1 on input line 48.
)) (./inproceedings.aux)
\openout1 = `inproceedings.aux'.

LaTeX Font Info:    Checking defaults for OML/cmm/m/it on input line 8.
LaTeX Font Info:    ... okay on input line 8.
LaTeX Font Info:    Checking defaults for T1/cmr/m/n on input line 8.
LaTeX Font Info:    ... okay on input line 8.
LaTeX Font Info:    Checking defaults for OT1/cmr/m/n on input line 8.
LaTeX Font Info:    ... okay on input line 8.
LaTeX Font Info:    Checking defaults for OMS/cmsy/m/n on input line 8.
LaTeX Font Info:    ... okay on input line 8.
LaTeX Font Info:    Checking defaults for OMX/cmex/m/n on input line 8.
LaTeX Font Info:    ... okay on input line 8.
LaTeX Font Info:    Checking defaults for U/cmr/m/n on input line 8.
LaTeX Font Info:    ... okay on input line 8.
LaTeX Font Info:    Checking defaults for PD1/pdf/m/n on input line 8.
LaTeX Font Info:    ... okay on input line 8.
\AtBeginShipoutBox=\box28
Package hyperref Info: Link coloring OFF on input line 8.

(/usr/share/texmf-dist/tex/latex/hyperref/nameref.sty
Package: nameref 2019/09/16 v2.46 Cross-referencing by name of section

(/usr/share/texmf-dist/tex/generic/oberdiek/gettitlestring.sty
Package: gettitlestring 2016/05/16 v1.5 Cleanup title references (HO)
)
\c@section@level=\count99
)
LaTeX Info: Redefining \ref on input line 8.
LaTeX Info: Redefining \pageref on input line 8.
LaTeX Info: Redefining \nameref on input line 8.

(./inproceedings.out) (./inproceedings.out)
\@outlinefile=\write3
\openout3 = `inproceedings.out'.



LaTeX Warning: Citation `santamaria2019' on page 1 undefined on input line 10.


LaTeX Warning: Citation `gonzalez2019collaborative' on page 1 undefined on inpu
t line 11.


LaTeX Warning: Citation `orts2019learning' on page 1 undefined on input line 12
.


LaTeX Warning: Citation `orts2019recursos' on page 1 undefined on input line 13
.


LaTeX Warning: Citation `SH19' on page 1 undefined on input line 14.


LaTeX Warning: Citation `orts2018simulacion' on page 1 undefined on input line 
15.


LaTeX Warning: Citation `maturana2018rate' on page 1 undefined on input line 16
.


LaTeX Warning: Citation `medina2017mitigating' on page 1 undefined on input lin
e 17.


LaTeX Warning: Citation `santamaria2017ontology' on page 1 undefined on input l
ine 18.


LaTeX Warning: Citation `ortega2017educational' on page 1 undefined on input li
ne 19.


LaTeX Warning: Citation `ortega2016procesadores' on page 1 undefined on input l
ine 20.


LaTeX Warning: Citation `medina2016pollution' on page 1 undefined on input line
 21.


LaTeX Warning: Citation `cmljce15' on page 1 undefined on input line 22.


LaTeX Warning: Citation `MEDINA15a' on page 1 undefined on input line 23.


LaTeX Warning: Citation `P2PSP-jornadas-PD-2014' on page 1 undefined on input l
ine 24.


LaTeX Warning: Citation `CASADO14-cisco2' on page 1 undefined on input line 25.



LaTeX Warning: Citation `MEDINA14' on page 1 undefined on input line 26.


LaTeX Warning: Citation `MEDINA13' on page 1 undefined on input line 27.


LaTeX Warning: Citation `HERNANDEZ13a' on page 1 undefined on input line 29.


LaTeX Warning: Citation `MATURANA13a' on page 1 undefined on input line 30.


LaTeX Warning: Citation `HERNANDEZ12' on page 1 undefined on input line 31.


LaTeX Warning: Citation `MATURANA12' on page 1 undefined on input line 32.


LaTeX Warning: Citation `ORTIZ11' on page 1 undefined on input line 33.


LaTeX Warning: Citation `HERNANDEZ11' on page 1 undefined on input line 34.


LaTeX Warning: Citation `ORTIZ10c' on page 1 undefined on input line 35.


LaTeX Warning: Citation `ORTIZ10b' on page 1 undefined on input line 36.


LaTeX Warning: Citation `ORTIZ10a' on page 1 undefined on input line 37.


LaTeX Warning: Citation `MARTIN09' on page 1 undefined on input line 38.


LaTeX Warning: Citation `ORTIZ07c' on page 1 undefined on input line 39.


LaTeX Warning: Citation `LOPE07a' on page 1 undefined on input line 40.


LaTeX Warning: Citation `ORTIZ07b' on page 1 undefined on input line 41.


LaTeX Warning: Citation `ORTIZ07a' on page 1 undefined on input line 42.


LaTeX Warning: Citation `LOPE05' on page 1 undefined on input line 43.


LaTeX Warning: Citation `LOPE05b' on page 1 undefined on input line 44.


LaTeX Warning: Citation `DANA05' on page 1 undefined on input line 45.


LaTeX Warning: Citation `ORTIZ04b' on page 1 undefined on input line 46.


LaTeX Warning: Citation `ORTIZ04c' on page 1 undefined on input line 47.


LaTeX Warning: Citation `ORTIZ04d' on page 1 undefined on input line 48.


LaTeX Warning: Citation `ORTIZ04e' on page 1 undefined on input line 49.


LaTeX Warning: Citation `LOPE04' on page 1 undefined on input line 50.


LaTeX Warning: Citation `RODR04' on page 1 undefined on input line 51.


LaTeX Warning: Citation `RUIZ04a' on page 1 undefined on input line 52.


LaTeX Warning: Citation `RUIZ03a' on page 1 undefined on input line 53.


LaTeX Warning: Citation `RUIZ03b' on page 1 undefined on input line 54.


LaTeX Warning: Citation `RUIZ03c' on page 1 undefined on input line 55.


LaTeX Warning: Citation `RUIZ03d' on page 1 undefined on input line 56.


LaTeX Warning: Citation `ALVA03a' on page 1 undefined on input line 57.


LaTeX Warning: Citation `LOPE02' on page 1 undefined on input line 58.


LaTeX Warning: Citation `PERE02' on page 1 undefined on input line 59.


LaTeX Warning: Citation `LOPE01' on page 1 undefined on input line 60.


LaTeX Warning: Citation `RUIZ01a' on page 1 undefined on input line 61.


LaTeX Warning: Citation `RUIZ01b' on page 1 undefined on input line 62.


LaTeX Warning: Citation `GIGU00' on page 1 undefined on input line 63.


LaTeX Warning: Citation `RUIZ00b' on page 1 undefined on input line 64.


LaTeX Warning: Citation `RUIZ99a' on page 1 undefined on input line 65.


LaTeX Warning: Citation `MART99' on page 1 undefined on input line 66.


LaTeX Warning: Citation `MART98' on page 1 undefined on input line 67.


LaTeX Warning: Citation `MART97' on page 1 undefined on input line 68.


LaTeX Warning: Citation `RUIZ97' on page 1 undefined on input line 69.


LaTeX Warning: Citation `RUIZ96b' on page 1 undefined on input line 70.


LaTeX Warning: Citation `RUIZ96a' on page 1 undefined on input line 71.


LaTeX Warning: Citation `RUIZ95' on page 1 undefined on input line 72.


LaTeX Warning: Citation `RUIZ94' on page 1 undefined on input line 73.


LaTeX Warning: Citation `RUIZ94a' on page 1 undefined on input line 74.

(./inproceedings.bbl
Underfull \hbox (badness 2318) in paragraph at lines 4--10
[]\T1/cmr/m/n/10 J.C. Maturana-Espinosa, V. González-Ruiz, J.P. García-Ortiz, a
nd
 []


Overfull \hbox (146.409pt too wide) in paragraph at lines 11--19
[][][][]\T1/cmr/m/n/10 .
 []


Package hyperref Warning: Suppressing link with empty target on input line 22.


Package hyperref Warning: Suppressing link with empty target on input line 31.


Underfull \hbox (badness 10000) in paragraph at lines 36--45
[]\T1/cmr/m/n/10 G. Or-tega, J.M.G. Salmerón, C. Medina-López, J.L. Re-
 []


Underfull \hbox (badness 10000) in paragraph at lines 36--45
\T1/cmr/m/n/10 dondo, J.F.R. Her-rera, N.C. Cruz, G. Bar-rionuevo,
 []


Underfull \hbox (badness 10000) in paragraph at lines 36--45
\T1/cmr/m/n/10 P.M. Or-tigosa, V. González-Ruiz, and E.M. Garzón.
 []


Overfull \hbox (69.039pt too wide) in paragraph at lines 36--45
[][][][]\T1/cmr/m/n/10 .
 []


Underfull \hbox (badness 10000) in paragraph at lines 46--54
[]\T1/cmr/m/n/10 Cristóbal Medina-López, Il-shat Shakirov, Leo-
 []


Underfull \hbox (badness 10000) in paragraph at lines 46--54
\T1/cmr/m/n/10 ca-dio G. Casado, and Vi-cente González-Ruiz.
 []


Underfull \hbox (badness 10000) in paragraph at lines 55--61
[]\T1/cmr/m/n/10 Cristobal Medina-López, Vi-cente González-Ruiz, L. G.
 []


Underfull \hbox (badness 10000) in paragraph at lines 55--61
\T1/cmr/m/n/10 Casado, J.A.M. Naranjo, and Juan Pablo García-Ortiz.
 []

[1

]
LaTeX Font Info:    External font `cmex10' loaded for size
(Font)              <7> on input line 64.
LaTeX Font Info:    External font `cmex10' loaded for size
(Font)              <5> on input line 64.

Underfull \hbox (badness 2351) in paragraph at lines 62--68
[]\T1/cmr/m/n/10 Cristóbal Medina-López, L.G. Casado, and Vi-cente González-Rui
z.
 []


Underfull \hbox (badness 10000) in paragraph at lines 69--76
[]\T1/cmr/m/n/10 Cristóbal Medina-López and Vi-cente González-Ruiz.
 []


Overfull \hbox (13.24707pt too wide) in paragraph at lines 69--76
[][][][]\T1/cmr/m/n/10 .
 []


Package hyperref Warning: Suppressing link with empty target on input line 81.


Underfull \hbox (badness 10000) in paragraph at lines 85--93
[]\T1/cmr/m/n/10 Cristóbal Medina-López, Juan Pablo Gar-cía Or-tiz,
 []


Underfull \hbox (badness 10000) in paragraph at lines 85--93
\T1/cmr/m/n/10 J.A.M Maranjo, L.G. Casado, and Vi-cente González-
 []


Underfull \hbox (badness 10000) in paragraph at lines 85--93
\T1/cmr/m/n/10 Ruiz. [][][][]. In
 []


Underfull \hbox (badness 10000) in paragraph at lines 85--93
[][][][]\T1/cmr/m/n/10 ,
 []


Underfull \hbox (badness 2753) in paragraph at lines 94--100
[]\T1/cmr/m/n/10 Cristóbal Medina-López, Juan Ál-varo Muñoz-Naranjo, Juan Pablo

 []


Underfull \hbox (badness 6859) in paragraph at lines 94--100
[][][][]\T1/cmr/m/n/10 . In \T1/cmr/m/it/10 XXIV
 []


Underfull \hbox (badness 10000) in paragraph at lines 101--110
[]\T1/cmr/m/n/10 J.J. Sánchez-Hernández, J.P. García-Ortiz, Carmelo Maturana-
 []


Underfull \hbox (badness 10000) in paragraph at lines 101--110
\T1/cmr/m/n/10 Espinosa, Vi-cente González-Ruiz, and Daniel Müller.
 []


Overfull \hbox (29.09042pt too wide) in paragraph at lines 101--110
[][][][]\T1/cmr/m/n/10 .
 []


Underfull \hbox (badness 10000) in paragraph at lines 111--120
[]\T1/cmr/m/n/10 Carmelo Maturana-Espinosa, Joaquín García-Sobrino,
 []


Underfull \hbox (badness 10000) in paragraph at lines 111--120
\T1/cmr/m/n/10 J.J. Sánchez-Hernández, and Vi-cente González-Ruiz.
 []


Overfull \hbox (108.20999pt too wide) in paragraph at lines 111--120
[][][][]\T1/cmr/m/n/10 .
 []


Underfull \hbox (badness 7326) in paragraph at lines 121--129
[]\T1/cmr/m/n/10 J.J. Sánchez-Hernández, J.P. García-Ortiz, C. Martín, Carmelo
 []


Underfull \hbox (badness 10000) in paragraph at lines 121--129
\T1/cmr/m/n/10 Maturana-Espinosa, Vi-cente González-Ruiz, and Daniel Müller.
 []


Overfull \hbox (78.3284pt too wide) in paragraph at lines 121--129
[][][][]\T1/cmr/m/n/10 .
 []


Underfull \hbox (badness 10000) in paragraph at lines 130--137
[]\T1/cmr/m/n/10 Carmelo Maturana-Espinosa, J.J. Sánchez-Hernández,
 []


Underfull \hbox (badness 10000) in paragraph at lines 130--137
\T1/cmr/m/n/10 J.P. García-Ortiz, and Vi-cente González-Ruiz.
 []


Underfull \hbox (badness 3724) in paragraph at lines 130--137
[][][][]\T1/cmr/m/n/10 . In \T1/cmr/m/it/10 Pro-
 []


Underfull \hbox (badness 2189) in paragraph at lines 130--137
\T1/cmr/m/it/10 (WMDCT)\T1/cmr/m/n/10 , pages 38--43, Septem-ber 2012. Elche, A
l-i-cante, Spain.
 []

[2]
Underfull \hbox (badness 10000) in paragraph at lines 138--145
[]\T1/cmr/m/n/10 J.P. García-Ortiz, C. Martín, V. González-Ruiz,
 []


Underfull \hbox (badness 10000) in paragraph at lines 138--145
\T1/cmr/m/n/10 J.J. Sánchez-Hernández, I. Gar-cía, and D. Müeller.
 []


Overfull \hbox (79.23096pt too wide) in paragraph at lines 138--145
[][][][]\T1/cmr/m/n/10 .
 []


Underfull \hbox (badness 10000) in paragraph at lines 146--154
[]\T1/cmr/m/n/10 J.J. Sánchez-Hernández, J.P. García-Ortiz,
 []


Underfull \hbox (badness 10000) in paragraph at lines 146--154
\T1/cmr/m/n/10 V. González-Ruiz, I. Gar-cía, and D Müller.
 []


Overfull \hbox (122.51205pt too wide) in paragraph at lines 146--154
[][][][]\T1/cmr/m/n/10 .
 []


Underfull \hbox (badness 3375) in paragraph at lines 155--161
[]\T1/cmr/m/n/10 J.P. García-Ortiz, J.M. Dana, V. González-Ruiz, and I. Gar-cía
.
 []


Overfull \hbox (80.46677pt too wide) in paragraph at lines 169--177
\T1/cmr/m/n/10 toglou. [][][][].
 []


Underfull \hbox (badness 5578) in paragraph at lines 178--185
[]\T1/cmr/m/n/10 G. Martín, V.G. Ruiz, A. Plaza, J.P. Or-tiz, and I. Gar-cía.
 []


Overfull \hbox (135.5922pt too wide) in paragraph at lines 178--185
[][][][]\T1/cmr/m/n/10 .
 []


Underfull \hbox (badness 10000) in paragraph at lines 186--192
[]\T1/cmr/m/n/10 J.P. Or-tiz, V.G. Ruiz, and I. Gar-cía.
 []


Underfull \hbox (badness 7451) in paragraph at lines 186--192
[][][][]\T1/cmr/m/n/10 . In \T1/cmr/m/it/10 29th An-nual
 []


Underfull \hbox (badness 10000) in paragraph at lines 193--199
[]\T1/cmr/m/n/10 M.F. López, V.G. Ruiz, and I. Gar-cía.
 []


Overfull \hbox (21.41174pt too wide) in paragraph at lines 193--199
[][][][]\T1/cmr/m/n/10 .
 []

[3]
Underfull \hbox (badness 10000) in paragraph at lines 200--205
[]\T1/cmr/m/n/10 J.P. Or-tiz, V.G. Ruiz, F. Mar-cano, and O. Ferrer-Roca.
 []


Underfull \hbox (badness 10000) in paragraph at lines 200--205
[][][][]\T1/cmr/m/n/10 .
 []


Underfull \hbox (badness 10000) in paragraph at lines 206--213
[]\T1/cmr/m/n/10 J.P. Or-tiz, V.G. Ruiz, and I. Gar-cía.
 []


Underfull \hbox (badness 10000) in paragraph at lines 206--213
[][][][]\T1/cmr/m/n/10 . In
 []


Underfull \hbox (badness 10000) in paragraph at lines 234--241
[]\T1/cmr/m/n/10 J.P. García-Ortiz, V.G. Ruiz, and I. Gar-cía.
 []


Overfull \hbox (143.89572pt too wide) in paragraph at lines 234--241
[][][][]\T1/cmr/m/n/10 .
 []


Underfull \hbox (badness 10000) in paragraph at lines 242--248
[]\T1/cmr/m/n/10 J.P. García-Ortiz, V.G. Ruiz, and I. Gar-cía.
 []


Underfull \hbox (badness 10000) in paragraph at lines 242--248
[][][][]\T1/cmr/m/n/10 . In
 []


Underfull \hbox (badness 10000) in paragraph at lines 249--255
[]\T1/cmr/m/n/10 J.P. Or-tiz, V.G. Ruiz, and I. Gar-cía.
 []


Overfull \hbox (16.14914pt too wide) in paragraph at lines 249--255
[][][][]\T1/cmr/m/n/10 .
 []


Underfull \hbox (badness 10000) in paragraph at lines 256--262
[]\T1/cmr/m/n/10 J.P. Or-tiz, V.G. Ruiz, and I. Gar-cía.
 []

[4]
Underfull \hbox (badness 10000) in paragraph at lines 270--276
[]\T1/cmr/m/n/10 S.G. Ro-dríguez, M.F. López, V.G. Ruiz, and I. Gar-cía.
 []


Underfull \hbox (badness 10000) in paragraph at lines 270--276
[][][][]\T1/cmr/m/n/10 . In \T1/cmr/m/it/10 Ac-tas
 []


Underfull \hbox (badness 10000) in paragraph at lines 285--292
[]\T1/cmr/m/n/10 V.G. Ruiz, J.J. Fer-nán-dez, M.F. López, and I. Gar-cía.
 []


Overfull \hbox (147.57538pt too wide) in paragraph at lines 285--292
[][][][]\T1/cmr/m/n/10 .
 []


Underfull \hbox (badness 10000) in paragraph at lines 293--299
[]\T1/cmr/m/n/10 V.G. Ruiz, M.F. López, I. Gar-cía, and E.M.T. Hen-drix.
 []


Underfull \hbox (badness 1755) in paragraph at lines 293--299
\T1/cmr/m/it/10 In-ter-na-tional Con-fer-ence Vi-su-al-iza-tion, Imag-ing and I
m-age Pro-cess-
 []


Underfull \hbox (badness 1253) in paragraph at lines 293--299
\T1/cmr/m/it/10 ing\T1/cmr/m/n/10 , pages 287--290, Septem-ber 2003. Be-nalmá-d
ena, Málaga, Spain.
 []


Underfull \hbox (badness 10000) in paragraph at lines 300--306
[]\T1/cmr/m/n/10 V.G. Ruiz, M.F. López, I. Gar-cía, and E.M.T. Hen-drix.
 []


Underfull \hbox (badness 2582) in paragraph at lines 300--306
[][][][]\T1/cmr/m/n/10 . In \T1/cmr/m/it/10 Pro-ceed-ings of the First
 []


Underfull \hbox (badness 10000) in paragraph at lines 307--314
[]\T1/cmr/m/n/10 V.G. Ruiz, J.J. Fer-nán-dez, M.F. López, and I. Gar-cía.
 []


Overfull \hbox (52.62634pt too wide) in paragraph at lines 307--314
[][][][]\T1/cmr/m/n/10 .
 []


Overfull \hbox (75.95398pt too wide) in paragraph at lines 322--329
[][][][]\T1/cmr/m/n/10 .
 []

[5]
Underfull \hbox (badness 10000) in paragraph at lines 330--337
[]\T1/cmr/m/n/10 J.L. Pérez-Córdoba, V.G. Ruiz, and I. Gar-cía.
 []


Overfull \hbox (203.70056pt too wide) in paragraph at lines 330--337
[][][][]\T1/cmr/m/n/10 .
 []


Underfull \hbox (badness 10000) in paragraph at lines 338--344
[]\T1/cmr/m/n/10 M.F. López, V.G. Ruiz, J.J. Fer-nán-dez, and I. Gar-cía.
 []


Overfull \hbox (46.6278pt too wide) in paragraph at lines 338--344
[][][][]\T1/cmr/m/n/10 .
 []


Underfull \hbox (badness 10000) in paragraph at lines 345--351
[]\T1/cmr/m/n/10 V.G. Ruiz, J.J. Fer-nán-dez, and I. Gar-cía.
 []


Underfull \hbox (badness 3281) in paragraph at lines 345--351
[][][][]\T1/cmr/m/n/10 . In \T1/cmr/m/it/10 Pro-ceed-ings of the
 []


Underfull \hbox (badness 6204) in paragraph at lines 345--351
\T1/cmr/m/it/10 Nine-teenth IASTED In-ter-na-tional Con-fer-ence Ap-plied In-fo
r-mat-ics:
 []


Underfull \hbox (badness 1270) in paragraph at lines 345--351
\T1/cmr/m/it/10 Ad-vances in Com-puter Ap-pli-ca-tions\T1/cmr/m/n/10 , pages 51
9--524, Febru-ary 2001.
 []


Underfull \hbox (badness 10000) in paragraph at lines 352--358
[]\T1/cmr/m/n/10 Ruiz V.G., M.F. López, J.J. Fer-nán-dez, and I. Gar-cía.
 []


Underfull \hbox (badness 10000) in paragraph at lines 352--358
[][][][]\T1/cmr/m/n/10 .
 []


Underfull \hbox (badness 10000) in paragraph at lines 359--365
[]\T1/cmr/m/n/10 J.A. Gil, J.L. Guz-man, and V.G. Ruiz.
 []


Underfull \hbox (badness 7308) in paragraph at lines 359--365
[][][][]\T1/cmr/m/n/10 . In \T1/cmr/m/it/10 Ac-tas del IV Con-
 []


Underfull \hbox (badness 10000) in paragraph at lines 372--378
[]\T1/cmr/m/n/10 V.G. Ruiz, J.J. Fer-nán-dez, and I. Gar-cía.
 []


Underfull \hbox (badness 1348) in paragraph at lines 372--378
[][][][]\T1/cmr/m/n/10 . In \T1/cmr/m/it/10 Ac-tas del VIII
 []


Underfull \hbox (badness 10000) in paragraph at lines 379--384
[]\T1/cmr/m/n/10 J.A. Martínez, V.G. Ruíz, and I. Gar-cía.
 []


Underfull \hbox (badness 10000) in paragraph at lines 379--384
[][][][]\T1/cmr/m/n/10 . In \T1/cmr/m/it/10 Taller
 []


Underfull \hbox (badness 2726) in paragraph at lines 379--384
\T1/cmr/m/it/10 Iberoamer-i-cano de la En-señanza de la Física Uni-ver-si-taria
\T1/cmr/m/n/10 , pages
 []


Overfull \hbox (153.9627pt too wide) in paragraph at lines 385--391
[][][][]\T1/cmr/m/n/10 .
 []

[6]
Underfull \hbox (badness 10000) in paragraph at lines 392--398
[]\T1/cmr/m/n/10 J.A. Martínez, V.G. Ruiz, and I. Gar-cía.
 []


Underfull \hbox (badness 3568) in paragraph at lines 392--398
[][][][]\T1/cmr/m/n/10 . In \T1/cmr/m/it/10 Ac-tas del I
 []


Overfull \hbox (139.10522pt too wide) in paragraph at lines 399--405
[]\T1/cmr/m/n/10 V.G. Ruiz and I. Gar-cía. [][][][].
 []


Underfull \hbox (badness 1092) in paragraph at lines 399--405
\T1/cmr/m/it/10 Anal-i-sis de Imá-genes\T1/cmr/m/n/10 , pages 12--13, Abril 199
7. Barcelona, Es-paña.
 []


Overfull \hbox (21.5506pt too wide) in paragraph at lines 406--412
[]\T1/cmr/m/n/10 V.G. Ruiz and I. Gar-cía. [][][][].
 []


Underfull \hbox (badness 10000) in paragraph at lines 413--419
[]\T1/cmr/m/n/10 V.G. Ruiz, J.A. Martínez, and I. Gar-cía.
 []


Underfull \hbox (badness 1033) in paragraph at lines 413--419
[][][][]\T1/cmr/m/n/10 . In \T1/cmr/m/it/10 Ac-tas del II Con-greso de
 []


Overfull \hbox (32.60345pt too wide) in paragraph at lines 420--425
[]\T1/cmr/m/n/10 V.G. Ruiz and I. Gar-cía. [][][][].
 []


Overfull \hbox (39.04633pt too wide) in paragraph at lines 426--432
[]\T1/cmr/m/n/10 V. González-Ruiz and I. Gar-cía. [][][][].
 []


Overfull \hbox (102.14203pt too wide) in paragraph at lines 433--439
[]\T1/cmr/m/n/10 V.G. Ruiz and I. Gar-cía. [][][][].
 []

)
Package atveryend Info: Empty hook `BeforeClearDocument' on input line 78.
 [7]
Package atveryend Info: Empty hook `AfterLastShipout' on input line 78.
 (./inproceedings.aux)
Package atveryend Info: Empty hook `AtVeryEndDocument' on input line 78.
Package atveryend Info: Executing hook `AtEndAfterFileList' on input line 78.
Package rerunfilecheck Info: File `inproceedings.out' has not changed.
(rerunfilecheck)             Checksum: D41D8CD98F00B204E9800998ECF8427E;0.


LaTeX Warning: There were undefined references.


LaTeX Warning: Label(s) may have changed. Rerun to get cross-references right.

Package atveryend Info: Empty hook `AtVeryVeryEnd' on input line 78.
 ) 
Here is how much of TeX's memory you used:
 4549 strings out of 492168
 66374 string characters out of 6131583
 163148 words of memory out of 5000000
 8927 multiletter control sequences out of 15000+600000
 7408 words of font info for 19 fonts, out of 8000000 for 9000
 1141 hyphenation exceptions out of 8191
 32i,4n,44p,269b,418s stack positions out of 5000i,500n,10000p,200000b,80000s

Output written on inproceedings.dvi (7 pages, 67280 bytes).
