This is pdfTeX, Version 3.14159265-2.6-1.40.20 (TeX Live 2019/Arch Linux) (preloaded format=latex 2019.10.29)  5 NOV 2019 13:38
entering extended mode
 restricted \write18 enabled.
 %&-line parsing enabled.
**subjects
(../subjects.tex
LaTeX2e <2018-12-01>
(/usr/share/texmf-dist/tex/latex/base/article.cls
Document Class: article 2018/09/03 v1.4i Standard LaTeX document class
(/usr/share/texmf-dist/tex/latex/base/size10.clo
File: size10.clo 2018/09/03 v1.4i Standard LaTeX file (size option)
)
\c@part=\count80
\c@section=\count81
\c@subsection=\count82
\c@subsubsection=\count83
\c@paragraph=\count84
\c@subparagraph=\count85
\c@figure=\count86
\c@table=\count87
\abovecaptionskip=\skip41
\belowcaptionskip=\skip42
\bibindent=\dimen102
)
(/usr/share/texmf-dist/tex/latex/hyperref/hyperref.sty
Package: hyperref 2018/11/30 v6.88e Hypertext links for LaTeX

(/usr/share/texmf-dist/tex/generic/oberdiek/hobsub-hyperref.sty
Package: hobsub-hyperref 2016/05/16 v1.14 Bundle oberdiek, subset hyperref (HO)


(/usr/share/texmf-dist/tex/generic/oberdiek/hobsub-generic.sty
Package: hobsub-generic 2016/05/16 v1.14 Bundle oberdiek, subset generic (HO)
Package: hobsub 2016/05/16 v1.14 Construct package bundles (HO)
Package: infwarerr 2016/05/16 v1.4 Providing info/warning/error messages (HO)
Package: ltxcmds 2016/05/16 v1.23 LaTeX kernel commands for general use (HO)
Package: ifluatex 2016/05/16 v1.4 Provides the ifluatex switch (HO)
Package ifluatex Info: LuaTeX not detected.
Package: ifvtex 2016/05/16 v1.6 Detect VTeX and its facilities (HO)
Package ifvtex Info: VTeX not detected.
Package: intcalc 2016/05/16 v1.2 Expandable calculations with integers (HO)
Package: ifpdf 2018/09/07 v3.3 Provides the ifpdf switch
Package: etexcmds 2016/05/16 v1.6 Avoid name clashes with e-TeX commands (HO)
Package: kvsetkeys 2016/05/16 v1.17 Key value parser (HO)
Package: kvdefinekeys 2016/05/16 v1.4 Define keys (HO)
Package: pdftexcmds 2018/09/10 v0.29 Utility functions of pdfTeX for LuaTeX (HO
)
Package pdftexcmds Info: LuaTeX not detected.
Package pdftexcmds Info: \pdf@primitive is available.
Package pdftexcmds Info: \pdf@ifprimitive is available.
Package pdftexcmds Info: \pdfdraftmode is ignored in DVI mode.
Package: pdfescape 2016/05/16 v1.14 Implements pdfTeX's escape features (HO)
Package: bigintcalc 2016/05/16 v1.4 Expandable calculations on big integers (HO
)
Package: bitset 2016/05/16 v1.2 Handle bit-vector datatype (HO)
Package: uniquecounter 2016/05/16 v1.3 Provide unlimited unique counter (HO)
)
Package hobsub Info: Skipping package `hobsub' (already loaded).
Package: letltxmacro 2016/05/16 v1.5 Let assignment for LaTeX macros (HO)
Package: hopatch 2016/05/16 v1.3 Wrapper for package hooks (HO)
Package: xcolor-patch 2016/05/16 xcolor patch
Package: atveryend 2016/05/16 v1.9 Hooks at the very end of document (HO)
Package atveryend Info: \enddocument detected (standard20110627).
Package: atbegshi 2016/06/09 v1.18 At begin shipout hook (HO)
Package: refcount 2016/05/16 v3.5 Data extraction from label references (HO)
Package: hycolor 2016/05/16 v1.8 Color options for hyperref/bookmark (HO)
)
(/usr/share/texmf-dist/tex/latex/graphics/keyval.sty
Package: keyval 2014/10/28 v1.15 key=value parser (DPC)
\KV@toks@=\toks14
)
(/usr/share/texmf-dist/tex/generic/ifxetex/ifxetex.sty
Package: ifxetex 2010/09/12 v0.6 Provides ifxetex conditional
)
(/usr/share/texmf-dist/tex/latex/oberdiek/auxhook.sty
Package: auxhook 2016/05/16 v1.4 Hooks for auxiliary files (HO)
)
(/usr/share/texmf-dist/tex/latex/oberdiek/kvoptions.sty
Package: kvoptions 2016/05/16 v3.12 Key value format for package options (HO)
)
\@linkdim=\dimen103
\Hy@linkcounter=\count88
\Hy@pagecounter=\count89

(/usr/share/texmf-dist/tex/latex/hyperref/pd1enc.def
File: pd1enc.def 2018/11/30 v6.88e Hyperref: PDFDocEncoding definition (HO)
Now handling font encoding PD1 ...
... no UTF-8 mapping file for font encoding PD1
)
\Hy@SavedSpaceFactor=\count90

(/usr/share/texmf-dist/tex/latex/latexconfig/hyperref.cfg
File: hyperref.cfg 2002/06/06 v1.2 hyperref configuration of TeXLive
)
Package hyperref Info: Hyper figures OFF on input line 4519.
Package hyperref Info: Link nesting OFF on input line 4524.
Package hyperref Info: Hyper index ON on input line 4527.
Package hyperref Info: Plain pages OFF on input line 4534.
Package hyperref Info: Backreferencing OFF on input line 4539.
Package hyperref Info: Implicit mode ON; LaTeX internals redefined.
Package hyperref Info: Bookmarks ON on input line 4772.
\c@Hy@tempcnt=\count91

(/usr/share/texmf-dist/tex/latex/url/url.sty
\Urlmuskip=\muskip10
Package: url 2013/09/16  ver 3.4  Verb mode for urls, etc.
)
LaTeX Info: Redefining \url on input line 5125.
\XeTeXLinkMargin=\dimen104
\Fld@menulength=\count92
\Field@Width=\dimen105
\Fld@charsize=\dimen106
Package hyperref Info: Hyper figures OFF on input line 6380.
Package hyperref Info: Link nesting OFF on input line 6385.
Package hyperref Info: Hyper index ON on input line 6388.
Package hyperref Info: backreferencing OFF on input line 6395.
Package hyperref Info: Link coloring OFF on input line 6400.
Package hyperref Info: Link coloring with OCG OFF on input line 6405.
Package hyperref Info: PDF/A mode OFF on input line 6410.
LaTeX Info: Redefining \ref on input line 6450.
LaTeX Info: Redefining \pageref on input line 6454.
\Hy@abspage=\count93
\c@Item=\count94
\c@Hfootnote=\count95
)
Package hyperref Info: Driver (default): hdvips.

(/usr/share/texmf-dist/tex/latex/hyperref/hdvips.def
File: hdvips.def 2018/11/30 v6.88e Hyperref driver for dvips

(/usr/share/texmf-dist/tex/latex/hyperref/pdfmark.def
File: pdfmark.def 2018/11/30 v6.88e Hyperref definitions for pdfmark specials
\pdf@docset=\toks15
\pdf@box=\box27
\pdf@toks=\toks16
\pdf@defaulttoks=\toks17
\HyField@AnnotCount=\count96
\Fld@listcount=\count97
\c@bookmark@seq@number=\count98

(/usr/share/texmf-dist/tex/latex/oberdiek/rerunfilecheck.sty
Package: rerunfilecheck 2016/05/16 v1.8 Rerun checks for auxiliary files (HO)
Package uniquecounter Info: New unique counter `rerunfilecheck' on input line 2
82.
)
\Hy@SectionHShift=\skip43
))
(/usr/share/texmf-dist/tex/latex/base/inputenc.sty
Package: inputenc 2018/08/11 v1.3c Input encoding file
\inpenc@prehook=\toks18
\inpenc@posthook=\toks19
)
(/usr/share/texmf-dist/tex/latex/base/fontenc.sty
Package: fontenc 2018/08/11 v2.0j Standard LaTeX package

(/usr/share/texmf-dist/tex/latex/base/t1enc.def
File: t1enc.def 2018/08/11 v2.0j Standard LaTeX file
LaTeX Font Info:    Redeclaring font encoding T1 on input line 48.
))
No file subjects.aux.
\openout1 = `subjects.aux'.

LaTeX Font Info:    Checking defaults for OML/cmm/m/it on input line 8.
LaTeX Font Info:    ... okay on input line 8.
LaTeX Font Info:    Checking defaults for T1/cmr/m/n on input line 8.
LaTeX Font Info:    ... okay on input line 8.
LaTeX Font Info:    Checking defaults for OT1/cmr/m/n on input line 8.
LaTeX Font Info:    ... okay on input line 8.
LaTeX Font Info:    Checking defaults for OMS/cmsy/m/n on input line 8.
LaTeX Font Info:    ... okay on input line 8.
LaTeX Font Info:    Checking defaults for OMX/cmex/m/n on input line 8.
LaTeX Font Info:    ... okay on input line 8.
LaTeX Font Info:    Checking defaults for U/cmr/m/n on input line 8.
LaTeX Font Info:    ... okay on input line 8.
LaTeX Font Info:    Checking defaults for PD1/pdf/m/n on input line 8.
LaTeX Font Info:    ... okay on input line 8.
\AtBeginShipoutBox=\box28
Package hyperref Info: Link coloring OFF on input line 8.
(/usr/share/texmf-dist/tex/latex/hyperref/nameref.sty
Package: nameref 2016/05/21 v2.44 Cross-referencing by name of section

(/usr/share/texmf-dist/tex/generic/oberdiek/gettitlestring.sty
Package: gettitlestring 2016/05/16 v1.5 Cleanup title references (HO)
)
\c@section@level=\count99
)
LaTeX Info: Redefining \ref on input line 8.
LaTeX Info: Redefining \pageref on input line 8.
LaTeX Info: Redefining \nameref on input line 8.
\@outlinefile=\write3
\openout3 = `subjects.out'.



Package hyperref Warning: Rerun to get /PageLabels entry.


LaTeX Warning: Citation `SM-18' on page 1 undefined on input line 10.


LaTeX Warning: Citation `TM-18' on page 1 undefined on input line 11.


LaTeX Warning: Citation `SM-17' on page 1 undefined on input line 12.


LaTeX Warning: Citation `TM-17' on page 1 undefined on input line 13.


LaTeX Warning: Citation `SM-16' on page 1 undefined on input line 14.


LaTeX Warning: Citation `TM-16' on page 1 undefined on input line 15.


LaTeX Warning: Citation `SM-15' on page 1 undefined on input line 16.


LaTeX Warning: Citation `TM-15' on page 1 undefined on input line 17.


LaTeX Warning: Citation `TM-14' on page 1 undefined on input line 18.


LaTeX Warning: Citation `MCRRI-13' on page 1 undefined on input line 19.


LaTeX Warning: Citation `TIIS-13' on page 1 undefined on input line 20.


LaTeX Warning: Citation `RC-13' on page 1 undefined on input line 21.


LaTeX Warning: Citation `MCRRI-12' on page 1 undefined on input line 22.


LaTeX Warning: Citation `TIIS-12' on page 1 undefined on input line 23.


LaTeX Warning: Citation `RC-12' on page 1 undefined on input line 24.


LaTeX Warning: Citation `TIIS-11' on page 1 undefined on input line 25.


LaTeX Warning: Citation `RC-11' on page 1 undefined on input line 26.


LaTeX Warning: Citation `RCI-11' on page 1 undefined on input line 27.


LaTeX Warning: Citation `TIIS-10' on page 1 undefined on input line 28.


LaTeX Warning: Citation `RC-10' on page 1 undefined on input line 29.


LaTeX Warning: Citation `MCRRI-10' on page 1 undefined on input line 30.


LaTeX Warning: Citation `RCI-10' on page 1 undefined on input line 31.


LaTeX Warning: Citation `TIIS-09' on page 1 undefined on input line 32.


LaTeX Warning: Citation `RC-09' on page 1 undefined on input line 33.


LaTeX Warning: Citation `MCRRI-09' on page 1 undefined on input line 34.


LaTeX Warning: Citation `RCI-09' on page 1 undefined on input line 35.


LaTeX Warning: Citation `RCI-08' on page 1 undefined on input line 36.


LaTeX Warning: Citation `TIIS-08' on page 1 undefined on input line 37.


LaTeX Warning: Citation `RC-08' on page 1 undefined on input line 38.


LaTeX Warning: Citation `MCRRI-08' on page 1 undefined on input line 39.


LaTeX Warning: Citation `TIIS-07' on page 1 undefined on input line 40.


LaTeX Warning: Citation `RC-07' on page 1 undefined on input line 41.


LaTeX Warning: Citation `MCRRI-07' on page 1 undefined on input line 42.


LaTeX Warning: Citation `TIIS-06' on page 1 undefined on input line 43.


LaTeX Warning: Citation `RC-06' on page 1 undefined on input line 44.


LaTeX Warning: Citation `MCRRI-06' on page 1 undefined on input line 45.


LaTeX Warning: Citation `TIIS-05' on page 1 undefined on input line 46.


LaTeX Warning: Citation `RC-05' on page 1 undefined on input line 47.


LaTeX Warning: Citation `MCRRI-05' on page 1 undefined on input line 48.


LaTeX Warning: Citation `TIIS-04' on page 1 undefined on input line 49.


LaTeX Warning: Citation `RC-04' on page 1 undefined on input line 50.


LaTeX Warning: Citation `MCRRI-04' on page 1 undefined on input line 51.


LaTeX Warning: Citation `TIIS-03' on page 1 undefined on input line 52.


LaTeX Warning: Citation `RC-03' on page 1 undefined on input line 53.


LaTeX Warning: Citation `MCRRI-03' on page 1 undefined on input line 54.


LaTeX Warning: Citation `RGI-02' on page 1 undefined on input line 55.


LaTeX Warning: Citation `TIIS-02' on page 1 undefined on input line 56.


LaTeX Warning: Citation `RC-02' on page 1 undefined on input line 57.


LaTeX Warning: Citation `MCRRI-02' on page 1 undefined on input line 58.


LaTeX Warning: Citation `MCRRI-01' on page 1 undefined on input line 59.


LaTeX Warning: Citation `TIIS-01' on page 1 undefined on input line 60.


LaTeX Warning: Citation `LAC-01' on page 1 undefined on input line 61.


LaTeX Warning: Citation `RC-01' on page 1 undefined on input line 62.


LaTeX Warning: Citation `TIIS-00' on page 1 undefined on input line 63.


LaTeX Warning: Citation `LAC-00' on page 1 undefined on input line 64.


LaTeX Warning: Citation `RC-00' on page 1 undefined on input line 65.


LaTeX Warning: Citation `TC-99' on page 1 undefined on input line 66.


LaTeX Warning: Citation `FFI-99' on page 1 undefined on input line 67.


LaTeX Warning: Citation `RC-99' on page 1 undefined on input line 68.


LaTeX Warning: Citation `TIIS-99' on page 1 undefined on input line 69.


LaTeX Warning: Citation `LAC-99' on page 1 undefined on input line 70.


LaTeX Warning: Citation `TIIS-98' on page 1 undefined on input line 71.


LaTeX Warning: Citation `LETC-98' on page 1 undefined on input line 72.


LaTeX Warning: Citation `LAC-98' on page 1 undefined on input line 73.


LaTeX Warning: Citation `LETC-97' on page 1 undefined on input line 74.


LaTeX Warning: Citation `LAC-97' on page 1 undefined on input line 75.


LaTeX Warning: Citation `TIIS-97' on page 1 undefined on input line 76.


LaTeX Warning: Citation `TIIS-96' on page 1 undefined on input line 77.


LaTeX Warning: Citation `EAO-96' on page 1 undefined on input line 78.


LaTeX Warning: Citation `TIIS-95' on page 1 undefined on input line 79.


LaTeX Warning: Citation `EAO-95' on page 1 undefined on input line 80.


LaTeX Warning: Citation `EAO-94' on page 1 undefined on input line 81.


LaTeX Warning: Citation `EG-93' on page 1 undefined on input line 82.


LaTeX Warning: Citation `CEI-93' on page 1 undefined on input line 83.


LaTeX Warning: Citation `EAO-93' on page 1 undefined on input line 84.


LaTeX Warning: Citation `SD-92' on page 1 undefined on input line 85.


LaTeX Warning: Citation `EAO-92' on page 1 undefined on input line 86.


LaTeX Warning: Citation `CEI-92' on page 1 undefined on input line 87.

No file subjects.bbl.
Package atveryend Info: Empty hook `BeforeClearDocument' on input line 91.
[1

]
Package atveryend Info: Empty hook `AfterLastShipout' on input line 91.
 (./subjects.aux)
Package atveryend Info: Empty hook `AtVeryEndDocument' on input line 91.
Package atveryend Info: Executing hook `AtEndAfterFileList' on input line 91.


Package rerunfilecheck Warning: File `subjects.out' has changed.
(rerunfilecheck)                Rerun to get outlines right
(rerunfilecheck)                or use package `bookmark'.

Package rerunfilecheck Info: Checksums for `subjects.out':
(rerunfilecheck)             Before: <no file>
(rerunfilecheck)             After:  D41D8CD98F00B204E9800998ECF8427E;0.

LaTeX Warning: There were undefined references.

Package atveryend Info: Empty hook `AtVeryVeryEnd' on input line 91.
 ) 
Here is how much of TeX's memory you used:
 4436 strings out of 492624
 64980 string characters out of 6135694
 156632 words of memory out of 5000000
 8375 multiletter control sequences out of 15000+600000
 5179 words of font info for 16 fonts, out of 8000000 for 9000
 1141 hyphenation exceptions out of 8191
 29i,4n,23p,212b,317s stack positions out of 5000i,500n,10000p,200000b,80000s

Output written on subjects.dvi (1 page, 2920 bytes).
